<?xml version="1.0" encoding="UTF-8"?>
<testng-results ignored="8" total="9" passed="0" failed="1" skipped="0">
  <reporter-output>
  </reporter-output>
  <suite started-at="2025-07-17T22:04:51 EDT" name="Surefire suite" finished-at="2025-07-17T22:05:24 EDT" duration-ms="33133">
    <groups>
    </groups>
    <test started-at="2025-07-17T22:04:51 EDT" name="Surefire test" finished-at="2025-07-17T22:05:24 EDT" duration-ms="33133">
      <class name="com.testframework.tests.GoogleSearchTest">
        <test-method is-config="true" signature="setUpClass()[pri:0, instance:com.testframework.tests.GoogleSearchTest@48524010]" started-at="2025-07-17T22:04:51 EDT" name="setUpClass" finished-at="2025-07-17T22:04:51 EDT" duration-ms="4" status="PASS">
          <reporter-output>
          </reporter-output>
        </test-method> <!-- setUpClass -->
        <test-method is-config="true" signature="setUp()[pri:0, instance:com.testframework.tests.GoogleSearchTest@48524010]" started-at="2025-07-17T22:04:51 EDT" name="setUp" finished-at="2025-07-17T22:04:53 EDT" duration-ms="1763" status="PASS">
          <reporter-output>
          </reporter-output>
        </test-method> <!-- setUp -->
        <test-method is-config="true" signature="setUpMethod()[pri:0, instance:com.testframework.tests.GoogleSearchTest@48524010]" started-at="2025-07-17T22:04:53 EDT" name="setUpMethod" finished-at="2025-07-17T22:04:53 EDT" duration-ms="0" status="PASS">
          <reporter-output>
          </reporter-output>
        </test-method> <!-- setUpMethod -->
        <test-method signature="testGoogleHomepageLoads()[pri:0, instance:com.testframework.tests.GoogleSearchTest@48524010]" started-at="2025-07-17T22:04:53 EDT" name="testGoogleHomepageLoads" description="Verify Google homepage loads correctly" finished-at="2025-07-17T22:05:24 EDT" duration-ms="30882" status="FAIL">
          <exception class="java.lang.AssertionError">
            <message>
              <![CDATA[Google logo should be displayed]]>
            </message>
            <full-stacktrace>
              <![CDATA[java.lang.AssertionError: Google logo should be displayed
at com.testframework.core.BaseTest.assertTrue(BaseTest.java:182)
at com.testframework.tests.GoogleSearchTest.testGoogleHomepageLoads(GoogleSearchTest.java:39)
at java.base/jdk.internal.reflect.DirectMethodHandleAccessor.invoke(DirectMethodHandleAccessor.java:104)
at java.base/java.lang.reflect.Method.invoke(Method.java:565)
at org.testng.internal.invokers.MethodInvocationHelper.invokeMethod(MethodInvocationHelper.java:139)
at org.testng.internal.invokers.TestInvoker.invokeMethod(TestInvoker.java:677)
at org.testng.internal.invokers.TestInvoker.invokeTestMethod(TestInvoker.java:221)
at org.testng.internal.invokers.MethodRunner.runInSequence(MethodRunner.java:50)
at org.testng.internal.invokers.TestInvoker$MethodInvocationAgent.invoke(TestInvoker.java:969)
at org.testng.internal.invokers.TestInvoker.invokeTestMethods(TestInvoker.java:194)
at org.testng.internal.invokers.TestMethodWorker.invokeTestMethods(TestMethodWorker.java:148)
at org.testng.internal.invokers.TestMethodWorker.run(TestMethodWorker.java:128)
at java.base/java.util.ArrayList.forEach(ArrayList.java:1604)
at org.testng.TestRunner.privateRun(TestRunner.java:829)
at org.testng.TestRunner.run(TestRunner.java:602)
at org.testng.SuiteRunner.runTest(SuiteRunner.java:437)
at org.testng.SuiteRunner.runSequentially(SuiteRunner.java:431)
at org.testng.SuiteRunner.privateRun(SuiteRunner.java:391)
at org.testng.SuiteRunner.run(SuiteRunner.java:330)
at org.testng.SuiteRunnerWorker.runSuite(SuiteRunnerWorker.java:52)
at org.testng.SuiteRunnerWorker.run(SuiteRunnerWorker.java:95)
at org.testng.TestNG.runSuitesSequentially(TestNG.java:1256)
at org.testng.TestNG.runSuitesLocally(TestNG.java:1176)
at org.testng.TestNG.runSuites(TestNG.java:1099)
at org.testng.TestNG.run(TestNG.java:1067)
at org.apache.maven.surefire.testng.TestNGExecutor.run(TestNGExecutor.java:155)
at org.apache.maven.surefire.testng.TestNGDirectoryTestSuite.executeSingleClass(TestNGDirectoryTestSuite.java:102)
at org.apache.maven.surefire.testng.TestNGDirectoryTestSuite.execute(TestNGDirectoryTestSuite.java:91)
at org.apache.maven.surefire.testng.TestNGProvider.invoke(TestNGProvider.java:137)
at org.apache.maven.surefire.booter.ForkedBooter.runSuitesInProcess(ForkedBooter.java:385)
at org.apache.maven.surefire.booter.ForkedBooter.execute(ForkedBooter.java:162)
at org.apache.maven.surefire.booter.ForkedBooter.run(ForkedBooter.java:507)
at org.apache.maven.surefire.booter.ForkedBooter.main(ForkedBooter.java:495)
]]>
            </full-stacktrace>
          </exception> <!-- java.lang.AssertionError -->
          <reporter-output>
          </reporter-output>
        </test-method> <!-- testGoogleHomepageLoads -->
        <test-method is-config="true" signature="tearDownMethod(org.testng.ITestResult)[pri:0, instance:com.testframework.tests.GoogleSearchTest@48524010]" started-at="2025-07-17T22:05:24 EDT" name="tearDownMethod" finished-at="2025-07-17T22:05:24 EDT" duration-ms="237" status="PASS">
          <params>
            <param index="0">
              <value>
                <![CDATA[[TestResult name=testGoogleHomepageLoads status=FAILURE method=GoogleSearchTest.testGoogleHomepageLoads()[pri:0, instance:com.testframework.tests.GoogleSearchTest@48524010] output={null}]]]>
              </value>
            </param>
          </params>
          <reporter-output>
          </reporter-output>
        </test-method> <!-- tearDownMethod -->
        <test-method is-config="true" signature="tearDownClass()[pri:0, instance:com.testframework.tests.GoogleSearchTest@48524010]" started-at="2025-07-17T22:05:24 EDT" name="tearDownClass" finished-at="2025-07-17T22:05:24 EDT" duration-ms="236" status="PASS">
          <reporter-output>
          </reporter-output>
        </test-method> <!-- tearDownClass -->
      </class> <!-- com.testframework.tests.GoogleSearchTest -->
    </test> <!-- Surefire test -->
  </suite> <!-- Surefire suite -->
</testng-results>
